#
# There is insufficient memory for the Java Runtime Environment to continue.
# Native memory allocation (malloc) failed to allocate 1048576 bytes. Error detail: AllocateHeap
# Possible reasons:
#   The system is out of physical RAM or swap space
#   This process is running with CompressedOops enabled, and the Java Heap may be blocking the growth of the native heap
# Possible solutions:
#   Reduce memory load on the system
#   Increase physical memory or swap space
#   Check if swap backing store is full
#   Decrease Java heap size (-Xmx/-Xms)
#   Decrease number of Java threads
#   Decrease Java thread stack sizes (-Xss)
#   Set larger code cache with -XX:ReservedCodeCacheSize=
#   JVM is running with Unscaled Compressed Oops mode in which the Java heap is
#     placed in the first 4GB address space. The Java Heap base address is the
#     maximum limit for the native heap growth. Please use -XX:HeapBaseMinAddress
#     to set the Java Heap base and to place the Java Heap above 4GB virtual address.
# This output file may be truncated or incomplete.
#
#  Out of Memory Error (allocation.cpp:44), pid=5200, tid=18072
#
# JRE version:  (21.0.6) (build )
# Java VM: OpenJDK 64-Bit Server VM (21.0.6+-13368085-b895.109, mixed mode, sharing, tiered, compressed oops, compressed class ptrs, g1 gc, windows-amd64)
# No core dump will be written. Minidumps are not enabled by default on client versions of Windows
#

---------------  S U M M A R Y ------------

Command Line: 

Host: 11th Gen Intel(R) Core(TM) i5-11400H @ 2.70GHz, 12 cores, 7G,  Windows 11 , 64 bit Build 26100 (10.0.26100.7019)
Time: Fri Dec  5 16:12:32 2025 T僡kiye Standart Saati elapsed time: 0.190066 seconds (0d 0h 0m 0s)

---------------  T H R E A D  ---------------

Current thread (0x000001ceebd94930):  JavaThread "Unknown thread" [_thread_in_vm, id=18072, stack(0x0000004ed6100000,0x0000004ed6200000) (1024K)]

Stack: [0x0000004ed6100000,0x0000004ed6200000]
Native frames: (J=compiled Java code, j=interpreted, Vv=VM code, C=native code)
V  [jvm.dll+0x6d0639]
V  [jvm.dll+0x85eb03]
V  [jvm.dll+0x86105e]
V  [jvm.dll+0x861743]
V  [jvm.dll+0x27e6e6]
V  [jvm.dll+0xba6e7]
V  [jvm.dll+0x330105]
V  [jvm.dll+0x3286f1]
V  [jvm.dll+0x826549]
V  [jvm.dll+0x3bc158]
V  [jvm.dll+0x80f7f8]
V  [jvm.dll+0x45035e]
V  [jvm.dll+0x451ac1]
C  [jli.dll+0x52ab]
C  [ucrtbase.dll+0x37b0]
C  [KERNEL32.DLL+0x2e8d7]
C  [ntdll.dll+0x8c53c]


---------------  P R O C E S S  ---------------

Threads class SMR info:
_java_thread_list=0x00007ffd7a261848, length=0, elements={
}

Java Threads: ( => current thread )
Total: 0

Other Threads:
  0x000001ceee30dda0 WorkerThread "GC Thread#0"                     [id=29744, stack(0x0000004ed6200000,0x0000004ed6300000) (1024K)]

[error occurred during error reporting (printing all threads), id 0xc0000005, EXCEPTION_ACCESS_VIOLATION (0xc0000005) at pc=0x00007ffd79a54c30]
VM state: not at safepoint (not fully initialized)

VM Mutex/Monitor currently owned by a thread:  ([mutex/lock_event])
[0x00007ffd7a2ce4a0] Heap_lock - owner thread: 0x000001ceebd94930

Heap address: 0x0000000083600000, size: 1994 MB, Compressed Oops mode: 32-bit

CDS archive(s) mapped at: [0x0000000000000000-0x0000000000000000-0x0000000000000000), size 0, SharedBaseAddress: 0x0000000800000000, ArchiveRelocationMode: 1.
Narrow klass base: 0x0000000000000000, Narrow klass shift: 0, Narrow klass range: 0x0

GC Precious Log:
 CardTable entry size: 512
 Card Set container configuration: InlinePtr #cards 5 size 8 Array Of Cards #cards 12 size 40 Howl #buckets 4 coarsen threshold 1843 Howl Bitmap #cards 512 size 80 coarsen threshold 460 Card regions per heap region 1 cards per card region 2048

Heap:
 garbage-first heap   total 0K, used 0K [0x0000000083600000, 0x0000000100000000)
  region size 1024K, 0 young (0K), 0 survivors (0K)
 Metaspace       used 0K, committed 0K, reserved 0K
  class space    used 0K, committed 0K, reserved 0K

Heap Regions: E=young(eden), S=young(survivor), O=old, HS=humongous(starts), HC=humongous(continues), CS=collection set, F=free, TAMS=top-at-mark-start, PB=parsable bottom

Card table byte_map: [0x000001cef1d70000,0x000001cef2160000] _byte_map_base: 0x000001cef1955000

GC Heap History (0 events):
No events

Dll operation events (1 events):
Event: 0.019 Loaded shared library C:\Program Files\Android\Android Studio\jbr\bin\java.dll

Deoptimization events (0 events):
No events

Classes loaded (0 events):
No events

Classes unloaded (0 events):
No events

Classes redefined (0 events):
No events

Internal exceptions (0 events):
No events

ZGC Phase Switch (0 events):
No events

VM Operations (0 events):
No events

Memory protections (0 events):
No events

Nmethod flushes (0 events):
No events

Events (0 events):
No events


Dynamic libraries:
0x00007ff6a50a0000 - 0x00007ff6a50aa000 	C:\Program Files\Android\Android Studio\jbr\bin\java.EXE
0x00007ffe8f720000 - 0x00007ffe8f988000 	C:\WINDOWS\SYSTEM32\ntdll.dll
0x00007ffe8edb0000 - 0x00007ffe8ee79000 	C:\WINDOWS\System32\KERNEL32.DLL
0x00007ffe8c870000 - 0x00007ffe8cc68000 	C:\WINDOWS\System32\KERNELBASE.dll
0x00007ffe8d240000 - 0x00007ffe8d38b000 	C:\WINDOWS\System32\ucrtbase.dll
0x00007ffe85e40000 - 0x00007ffe85e5b000 	C:\Program Files\Android\Android Studio\jbr\bin\VCRUNTIME140.dll
0x00007ffe6a980000 - 0x00007ffe6a998000 	C:\Program Files\Android\Android Studio\jbr\bin\jli.dll
0x00007ffe8f320000 - 0x00007ffe8f4e7000 	C:\WINDOWS\System32\USER32.dll
0x00007ffe72970000 - 0x00007ffe72c04000 	C:\WINDOWS\WinSxS\amd64_microsoft.windows.common-controls_6595b64144ccf1df_6.0.26100.7019_none_3e06ffa0e335b8a8\COMCTL32.dll
0x00007ffe8d210000 - 0x00007ffe8d237000 	C:\WINDOWS\System32\win32u.dll
0x00007ffe8ed00000 - 0x00007ffe8eda9000 	C:\WINDOWS\System32\msvcrt.dll
0x00007ffe8dca0000 - 0x00007ffe8dccb000 	C:\WINDOWS\System32\GDI32.dll
0x00007ffe8d390000 - 0x00007ffe8d4bc000 	C:\WINDOWS\System32\gdi32full.dll
0x00007ffe8cc70000 - 0x00007ffe8cd13000 	C:\WINDOWS\System32\msvcp_win.dll
0x00007ffe8ecb0000 - 0x00007ffe8ece1000 	C:\WINDOWS\System32\IMM32.DLL
0x00007ffe85e60000 - 0x00007ffe85e6c000 	C:\Program Files\Android\Android Studio\jbr\bin\vcruntime140_1.dll
0x00007ffd94dd0000 - 0x00007ffd94e5d000 	C:\Program Files\Android\Android Studio\jbr\bin\msvcp140.dll
0x00007ffd79720000 - 0x00007ffd7a3ab000 	C:\Program Files\Android\Android Studio\jbr\bin\server\jvm.dll
0x00007ffe8e680000 - 0x00007ffe8e734000 	C:\WINDOWS\System32\ADVAPI32.dll
0x00007ffe8ded0000 - 0x00007ffe8df76000 	C:\WINDOWS\System32\sechost.dll
0x00007ffe8e560000 - 0x00007ffe8e678000 	C:\WINDOWS\System32\RPCRT4.dll
0x00007ffe8f220000 - 0x00007ffe8f294000 	C:\WINDOWS\System32\WS2_32.dll
0x00007ffe7e810000 - 0x00007ffe7e81b000 	C:\WINDOWS\SYSTEM32\VERSION.dll
0x00007ffe77960000 - 0x00007ffe77995000 	C:\WINDOWS\SYSTEM32\WINMM.dll
0x00007ffe8c6d0000 - 0x00007ffe8c72e000 	C:\WINDOWS\SYSTEM32\POWRPROF.dll
0x00007ffe8c6b0000 - 0x00007ffe8c6c4000 	C:\WINDOWS\SYSTEM32\UMPDC.dll
0x00007ffe8b5f0000 - 0x00007ffe8b60b000 	C:\WINDOWS\SYSTEM32\kernel.appcore.dll
0x00007ffe85e30000 - 0x00007ffe85e3a000 	C:\Program Files\Android\Android Studio\jbr\bin\jimage.dll
0x00007ffe73670000 - 0x00007ffe738b2000 	C:\WINDOWS\SYSTEM32\DBGHELP.DLL
0x00007ffe8ee80000 - 0x00007ffe8f20b000 	C:\WINDOWS\System32\combase.dll
0x00007ffe8e9e0000 - 0x00007ffe8eab7000 	C:\WINDOWS\System32\OLEAUT32.dll
0x00007ffe763a0000 - 0x00007ffe763dc000 	C:\WINDOWS\SYSTEM32\dbgcore.DLL
0x00007ffe8d160000 - 0x00007ffe8d205000 	C:\WINDOWS\System32\bcryptPrimitives.dll
0x00007ffe72790000 - 0x00007ffe727b0000 	C:\Program Files\Android\Android Studio\jbr\bin\java.dll

dbghelp: loaded successfully - version: 4.0.5 - missing functions: none
symbol engine: initialized successfully - sym options: 0x614 - pdb path: .;C:\Program Files\Android\Android Studio\jbr\bin;C:\WINDOWS\SYSTEM32;C:\WINDOWS\WinSxS\amd64_microsoft.windows.common-controls_6595b64144ccf1df_6.0.26100.7019_none_3e06ffa0e335b8a8;C:\Program Files\Android\Android Studio\jbr\bin\server

VM Arguments:
java_command: <unknown>
java_class_path (initial): <not set>
Launcher Type: SUN_STANDARD

[Global flags]
     intx CICompilerCount                          = 4                                         {product} {ergonomic}
     uint ConcGCThreads                            = 3                                         {product} {ergonomic}
     uint G1ConcRefinementThreads                  = 10                                        {product} {ergonomic}
   size_t G1HeapRegionSize                         = 1048576                                   {product} {ergonomic}
    uintx GCDrainStackTargetSize                   = 64                                        {product} {ergonomic}
   size_t InitialHeapSize                          = 132120576                                 {product} {ergonomic}
   size_t MarkStackSize                            = 4194304                                   {product} {ergonomic}
   size_t MaxHeapSize                              = 2090860544                                {product} {ergonomic}
   size_t MinHeapDeltaBytes                        = 1048576                                   {product} {ergonomic}
   size_t MinHeapSize                              = 8388608                                   {product} {ergonomic}
    uintx NonNMethodCodeHeapSize                   = 5839372                                {pd product} {ergonomic}
    uintx NonProfiledCodeHeapSize                  = 122909434                              {pd product} {ergonomic}
    uintx ProfiledCodeHeapSize                     = 122909434                              {pd product} {ergonomic}
    uintx ReservedCodeCacheSize                    = 251658240                              {pd product} {ergonomic}
     bool SegmentedCodeCache                       = true                                      {product} {ergonomic}
   size_t SoftMaxHeapSize                          = 2090860544                             {manageable} {ergonomic}
     bool UseCompressedOops                        = true                           {product lp64_product} {ergonomic}
     bool UseG1GC                                  = true                                      {product} {ergonomic}
     bool UseLargePagesIndividualAllocation        = false                                  {pd product} {ergonomic}

Logging:
Log output configuration:
 #0: stdout all=warning uptime,level,tags foldmultilines=false
 #1: stderr all=off uptime,level,tags foldmultilines=false

Environment Variables:
PATH=C:\dev\flutter\flutter\bin\;C:\Program Files (x86)\VMware\VMware Workstation\bin\;C:\Program Files\Microsoft\jdk-11.0.16.101-hotspot\bin;C:\Windows\system32;C:\Windows;C:\Windows\System32\Wbem;C:\Windows\System32\WindowsPowerShell\v1.0\;C:\Windows\System32\OpenSSH\;C:\Program Files (x86)\NVIDIA Corporation\PhysX\Common;C:\Program Files\NVIDIA Corporation\NVIDIA NvDLISR;C:\WINDOWS\system32;C:\WINDOWS;C:\WINDOWS\System32\Wbem;C:\WINDOWS\System32\WindowsPowerShell\v1.0\;C:\WINDOWS\System32\OpenSSH\;C:\Program Files\Microsoft SQL Server\Client SDK\ODBC\170\Tools\Binn\;C:\Program Files\Microsoft SQL Server\150\Tools\Binn\;C:\Program Files (x86)\Microsoft SQL Server\160\DTS\Binn\;C:\Program Files\Azure Data Studio\bin;C:\Program Files (x86)\Microsoft SQL Server\160\Tools\Binn\;C:\Program Files\Microsoft SQL Server\160\Tools\Binn\;C:\Program Files\Microsoft SQL Server\160\DTS\Binn\;C:\Program Files\Docker\Docker\resources\bin;C:\WINDOWS\system32;C:\WINDOWS;C:\WINDOWS\System32\Wbem;C:\WINDOWS\System32\WindowsPowerShell\v1.0\;C:\WINDOWS\System32\OpenSSH\;C:\Users\w11\Downloads\exiftool-13.15_64\exiftool-13.15_64\exiftool.exe;C:\Program Files\Git\cmd;C:\ProgramData\chocolatey\bin;C:\Program Files\dotnet\;C:\Program Files\NVIDIA Corporation\Nsight Compute 2022.3.0\;C:\Program Files\nodejs\;C:\Users\w11\AppData\Local\Programs\Python\Python311\Scripts\;C:\Users\w11\AppData\Local\Programs\Python\Python311\;C:\Users\w11\AppData\Local\Microsoft\WindowsApps;C:\Users\w11\AppData\Local\Programs\Microsoft VS Code\bin;C:\Users\w11\.dotnet\tools;C:\Program Files\Azure Data Studio\bin;C:\dev\flutter\bin;C:\Users\w11\AppData\Local\GitHubDesktop\bin;C:\Users\w11\AppData\Roaming\npm;C:\flutter\bin
USERNAME=w11
LANG=en_US.UTF-8
OS=Windows_NT
PROCESSOR_IDENTIFIER=Intel64 Family 6 Model 141 Stepping 1, GenuineIntel
TMP=C:\Users\w11\AppData\Local\Temp
TEMP=C:\Users\w11\AppData\Local\Temp




Periodic native trim disabled

JNI global refs:
JNI global refs: 0, weak refs: 0

JNI global refs memory usage: 0, weak refs: 0

Process memory usage:
Resident Set Size: 12736K (0% of 8162616K total physical memory with 81588K free physical memory)

OOME stack traces (most recent first):
Classloader memory used:

---------------  S Y S T E M  ---------------

OS:
 Windows 11 , 64 bit Build 26100 (10.0.26100.7019)
OS uptime: 1 days 4:36 hours
Hyper-V role detected

CPU: total 12 (initial active 12) (6 cores per cpu, 2 threads per core) family 6 model 141 stepping 1 microcode 0x34, cx8, cmov, fxsr, ht, mmx, 3dnowpref, sse, sse2, sse3, ssse3, sse4.1, sse4.2, popcnt, lzcnt, tsc, tscinvbit, avx, avx2, aes, erms, clmul, bmi1, bmi2, adx, avx512f, avx512dq, avx512cd, avx512bw, avx512vl, sha, fma, vzeroupper, avx512_vpopcntdq, avx512_vpclmulqdq, avx512_vaes, avx512_vnni, clflush, clflushopt, clwb, avx512_vbmi2, avx512_vbmi, hv, rdtscp, rdpid, fsrm, gfni, avx512_bitalg, f16c, cet_ibt, cet_ss, avx512_ifma
Processor Information for the first 12 processors :
  Max Mhz: 2688, Current Mhz: 2688, Mhz Limit: 2688

Memory: 4k page, system-wide physical 7971M (79M free)
TotalPageFile size 32547M (AvailPageFile size 37M)
current process WorkingSet (physical memory assigned to process): 12M, peak: 12M
current process commit charge ("private bytes"): 63M, peak: 64M

vm_info: OpenJDK 64-Bit Server VM (21.0.6+-13368085-b895.109) for windows-amd64 JRE (21.0.6+-13368085-b895.109), built on 2025-04-16T17:01:31Z by "builder" with MS VC++ 16.10 / 16.11 (VS2019)

END.
